checking build system type... x86_64-unknown-linux-gnu
checking host system type... x86_64-w64-mingw32
checking target system type... x86_64-w64-mingw32
checking for a BSD-compatible install... /usr/bin/install -c
checking whether build environment is sane... yes
/buildsrc/mdsplus-alpha/conf/missing: Unknown `--is-lightweight' option
Try `/buildsrc/mdsplus-alpha/conf/missing --help' for more information
configure: WARNING: 'missing' script is too old or missing
checking for x86_64-w64-mingw32-strip... x86_64-w64-mingw32-strip
checking for a thread-safe mkdir -p... /usr/bin/mkdir -p
checking for gawk... gawk
checking whether make sets $(MAKE)... yes
checking whether make supports nested variables... yes
checking whether to enable maintainer-specific portions of Makefiles... no
checking for style of include used by make... GNU
checking for x86_64-w64-mingw32-gcc... x86_64-w64-mingw32-gcc
checking whether the C compiler works... yes
checking for C compiler default output file name... a.exe
checking for suffix of executables... .exe
checking whether we are cross compiling... yes
checking for suffix of object files... o
checking whether we are using the GNU C compiler... yes
checking whether x86_64-w64-mingw32-gcc accepts -g... yes
checking for x86_64-w64-mingw32-gcc option to accept ISO C89... none needed
checking whether x86_64-w64-mingw32-gcc understands -c and -o together... yes
checking dependency style of x86_64-w64-mingw32-gcc... gcc3
checking how to run the C preprocessor... x86_64-w64-mingw32-gcc -E
checking for grep that handles long lines and -e... /usr/bin/grep
checking for egrep... /usr/bin/grep -E
checking for ANSI C header files... yes
checking for sys/types.h... yes
checking for sys/stat.h... yes
checking for stdlib.h... yes
checking for string.h... yes
checking for memory.h... yes
checking for strings.h... yes
checking for inttypes.h... yes
checking for stdint.h... yes
checking for unistd.h... yes
checking size of int *... 8
checking for socket in -lsocket... no
checking for inet_addr in -lnsl... no
checking for x86_64-w64-mingw32-gcc... (cached) x86_64-w64-mingw32-gcc
checking whether we are using the GNU C compiler... (cached) yes
checking whether x86_64-w64-mingw32-gcc accepts -g... (cached) yes
checking for x86_64-w64-mingw32-gcc option to accept ISO C89... (cached) none needed
checking whether x86_64-w64-mingw32-gcc understands -c and -o together... (cached) yes
checking dependency style of x86_64-w64-mingw32-gcc... (cached) gcc3
checking for x86_64-w64-mingw32-g++... x86_64-w64-mingw32-g++
checking whether we are using the GNU C++ compiler... yes
checking whether x86_64-w64-mingw32-g++ accepts -g... yes
checking dependency style of x86_64-w64-mingw32-g++... gcc3
checking for x86_64-w64-mingw32-gfortran... x86_64-w64-mingw32-gfortran
checking whether we are using the GNU Fortran 77 compiler... yes
checking whether x86_64-w64-mingw32-gfortran accepts -g... yes
checking whether to build shared libraries... yes
checking whether the linker supports -rpath-link... yes
checking whether to enable statistics... no
checking whether to build the java components... checking for x86_64-w64-mingw32-pkg-config... /usr/bin/x86_64-w64-mingw32-pkg-config
checking pkg-config is at least version 0.9.0... yes
checking for CHECK... no
checking for presence of Java Development Kit... /etc/alternatives/java_sdk_openjdk
checking for javac... /etc/alternatives/java_sdk_openjdk/bin/javac
checking for jar... /etc/alternatives/java_sdk_openjdk/bin/jar
checking for rmic... /etc/alternatives/java_sdk_openjdk/bin/rmic
checking for an srb installation... no
checking for labview... /3rd-party-apis-master/labview
checking whether to enable profiled code... no
checking for idl... /3rd-party-apis-master/idl
checking for mingw... yes
checking for x86_64-w64-mingw32-g77... (cached) x86_64-w64-mingw32-gfortran
checking whether we are using the GNU Fortran 77 compiler... (cached) yes
checking whether x86_64-w64-mingw32-gfortran accepts -g... (cached) yes
checking for dc1394_new  in -ldc1394... no
checking for dc1394_get_camera_info  in -ldc1394... no
checking for raw1394_get_libversion  in -lraw1394... no
checking size of long... 4
checking size of long long... 8
checking size of _int64... 0
checking for x86_64-w64-mingw32-ranlib... x86_64-w64-mingw32-ranlib
checking for a sed that does not truncate output... /usr/bin/sed
checking if JNI libraries are different... no
checking if IDL plugins are different... no
checking for pow in -lm... yes
checking for __dn_skipname in -lresolv... no
checking for dlopen in -ldl... yes
checking for gethostbyname in -lc... no
checking for gethostbyname in -lsocket... no
checking for gethostbyname in -lnsl... no
checking for socket in -lc... no
checking for socket in -lsocket... (cached) no
checking for getgrgid in -lc... no
checking for getpwuid in -lc... no
checking for gethostbyname in -ldnet_stub... no
checking for library containing clock_gettime... none required
checking for library containing readline... -lreadline
checking for library containing rl_set_signals... -lreadline
checking for gettimeofday in -lc... no
checking for getaddrinfo in -lc... no
checking for strsep in -lc... no
checking for getrusage in -lc... no
checking for xml2-config... no
checking for libxml - version >= 2.0.0... no
*** The xml2-config script installed by LIBXML could not be found
*** If libxml was installed in PREFIX, make sure PREFIX/bin is in
*** your path, or set the XML2_CONFIG environment variable to the
*** full path to xml2-config.
configure: libxml not found using xml2-confg, reverting to pkg-config query
checking for XML... yes
checking libxml/tree.h usability... yes
checking libxml/tree.h presence... yes
checking for libxml/tree.h... yes
checking libxml/parser.h usability... yes
checking libxml/parser.h presence... yes
checking for libxml/parser.h... yes
checking libxml/xpath.h usability... yes
checking libxml/xpath.h presence... yes
checking for libxml/xpath.h... yes
checking libxml/xpathInternals.h usability... yes
checking libxml/xpathInternals.h presence... yes
checking for libxml/xpathInternals.h... yes
checking stdarg.h usability... yes
checking stdarg.h presence... yes
checking for stdarg.h... yes
checking fcntl.h usability... yes
checking fcntl.h presence... yes
checking for fcntl.h... yes
checking for strings.h... (cached) yes
checking sys/ioctl.h usability... no
checking sys/ioctl.h presence... no
checking for sys/ioctl.h... no
checking syslog.h usability... no
checking syslog.h presence... no
checking for syslog.h... no
checking for unistd.h... (cached) yes
checking sys/filio.h usability... no
checking sys/filio.h presence... no
checking for sys/filio.h... no
checking netdb.h usability... no
checking netdb.h presence... no
checking for netdb.h... no
checking resolv.h usability... no
checking resolv.h presence... no
checking for resolv.h... no
checking for sys/types.h... (cached) yes
checking linux/types.h usability... no
checking linux/types.h presence... no
checking for linux/types.h... no
checking drm/drm.h usability... no
checking drm/drm.h presence... no
checking for drm/drm.h... no
checking pwd.h usability... no
checking pwd.h presence... no
checking for pwd.h... no
checking grp.h usability... no
checking grp.h presence... no
checking for grp.h... no
checking dlfcn.h usability... yes
checking dlfcn.h presence... yes
checking for dlfcn.h... yes
checking dl.h usability... no
checking dl.h presence... no
checking for dl.h... no
checking vxWorks.h usability... no
checking vxWorks.h presence... no
checking for vxWorks.h... no
checking windows.h usability... yes
checking windows.h presence... yes
checking for windows.h... yes
checking sys/resource.h usability... no
checking sys/resource.h presence... no
checking for sys/resource.h... no
checking malloc.h usability... yes
checking malloc.h presence... yes
checking for malloc.h... yes
checking pthread.h usability... yes
checking pthread.h presence... yes
checking for pthread.h... yes
checking alloca.h usability... no
checking alloca.h presence... no
checking for alloca.h... no
checking readline/readline.h usability... yes
checking readline/readline.h presence... yes
checking for readline/readline.h... yes
checking readline/history.h usability... yes
checking readline/history.h presence... yes
checking for readline/history.h... yes
checking scsi/sg.h usability... no
checking scsi/sg.h presence... no
checking for scsi/sg.h... no
checking for stdint.h... (cached) yes
checking hdf5.h usability... no
checking hdf5.h presence... no
checking for hdf5.h... no
checking jni.h usability... yes
checking jni.h presence... yes
checking for jni.h... yes
checking jni_md.h usability... yes
checking jni_md.h presence... yes
checking for jni_md.h... yes
checking for an ANSI C-conforming const... yes
checking whether time.h and sys/time.h may both be included... yes
checking whether struct tm is in sys/time.h or time.h... time.h
checking return type of signal handlers... void
checking for size_t... yes
checking if we should use named semaphores...  yes
checking sys/msg.h usability... no
checking sys/msg.h presence... no
checking for sys/msg.h... no
checking for sys/stat.h... (cached) yes
checking if we should use pipes for messaging... yes
checking for tm_gmtoff in struct tm... no
checking for semun union declaration... no
checking whether we need to type shmat... no
checking for two byte fd in *FILE... no
checking whether x86_64-w64-mingw32-gcc needs -traditional... no
checking for ANSI C header files... (cached) yes
checking for gethostname... no
checking for gettimeofday... yes
checking for select... no
checking for socket... no
checking for nis_local_host... no
checking for malloc... yes
checking for sched_setscheduler... yes
using Windows mssql
checking if mdssql should be built... have sql so yes.
checking whether byte ordering is bigendian... no
checking for X... no
checking for uil... uil
checking for uil command... no uil so skipping openmotif apps.openmotif-devel not installed.
checking for doxygen... no
configure: WARNING: Doxygen not found - continuing without Doxygen support
checking for x86_64-w64-mingw32-doxygen... no
checking for doxygen... no
configure: WARNING: doxygen not found - will not generate any doxygen documentation
checking for x86_64-w64-mingw32-perl... no
checking for perl... no
checking for XextAddDisplay in -lXext... no
checking for XpGetDocumentData in -lXp... no
checking that generated files are newer than configure... done
configure: creating ./config.status
config.status: creating Makefile.inc
config.status: creating Makefile
config.status: creating docs/Makefile
config.status: creating envsyms
config.status: creating actions/Makefile
config.status: creating camshr/Makefile
config.status: creating ccl/Makefile
config.status: creating d3dshr/Makefile
config.status: creating dwscope/Makefile
config.status: creating hdf5/Makefile
config.status: creating idlmdsevent/Makefile
config.status: creating idlmdswidgets/Makefile
config.status: creating javaclient/Makefile
config.status: creating javadispatcher/Makefile
config.status: creating javamds/Makefile
config.status: creating javascope/Makefile
config.status: creating javatraverser/Makefile
config.status: creating javadevices/Makefile
config.status: creating LabView/Makefile
config.status: creating manpages/Makefile
config.status: creating macosx/Makefile
config.status: creating math/Makefile
config.status: creating mdsdcl/Makefile
config.status: creating mdslib/Makefile
config.status: creating mdslibidl/Makefile
config.status: creating mdsobjects/cpp/Makefile
config.status: creating mdsobjects/cpp/docs/Makefile
config.status: creating mdsobjects/cpp/testing/Makefile
config.status: creating mdsobjects/cpp/testing/testutils/Makefile
config.status: creating mdsobjects/java/Makefile
config.status: creating mdsobjects/labview/Makefile
config.status: creating mdsmisc/Makefile
config.status: creating mdsshr/Makefile
config.status: creating mdssql/Makefile
config.status: creating mdstcpip/Makefile
config.status: creating mdstcpip/zlib/Makefile
config.status: creating mdstcpip/docs/Makefile
config.status: creating mdstcpip/docs/img/Makefile
config.status: creating mdsvme/Makefile
config.status: creating mitdevices/Makefile
config.status: creating remcam/Makefile
config.status: creating roam/Makefile
config.status: creating rpm/Makefile
config.status: creating rpm/envsyms
config.status: creating rpm/post_install_script
config.status: creating scripts/Makefile
config.status: creating servershr/Makefile
config.status: creating setevent/Makefile
config.status: creating tcl/Makefile
config.status: creating tdishr/Makefile
config.status: creating tdic/Makefile
config.status: creating tditest/Makefile
config.status: creating traverser/Makefile
config.status: creating treeshr/Makefile
config.status: creating wfevent/Makefile
config.status: creating xmdsshr/Makefile
config.status: creating xtreeshr/Makefile
config.status: creating icons/Makefile
config.status: creating include/config.h
config.status: executing depfiles commands
/usr/bin/mkdir -p /buildsrc/mdsplus-alpha/bin_x86_64/
/usr/bin/mkdir -p /buildsrc/mdsplus-alpha/uid/
make -C mdsshr
make[1]: Entering directory '/buildsrc/mdsplus-alpha/mdsshr'
x86_64-w64-mingw32-gcc -g -O2  -fno-strict-aliasing -pthread  -I/usr/include/libxml2 -I/buildsrc/mdsplus-alpha/include   -c -o librtl.o librtl.c
x86_64-w64-mingw32-gcc -g -O2  -fno-strict-aliasing -pthread  -I/usr/include/libxml2 -I/buildsrc/mdsplus-alpha/include   -c -o mdsmsg.o mdsmsg.c
x86_64-w64-mingw32-gcc -g -O2  -fno-strict-aliasing -pthread  -I/usr/include/libxml2 -I/buildsrc/mdsplus-alpha/include   -c -o MDSprintf.o MDSprintf.c
x86_64-w64-mingw32-gcc -g -O2  -fno-strict-aliasing -pthread  -I/usr/include/libxml2 -I/buildsrc/mdsplus-alpha/include   -c -o MdsCmprs.o MdsCmprs.c
x86_64-w64-mingw32-gcc -g -O2  -fno-strict-aliasing -pthread  -I/usr/include/libxml2 -I/buildsrc/mdsplus-alpha/include   -c -o MdsCompareXd.o MdsCompareXd.c
x86_64-w64-mingw32-gcc -g -O2  -fno-strict-aliasing -pthread  -I/usr/include/libxml2 -I/buildsrc/mdsplus-alpha/include   -c -o MdsCompress.o MdsCompress.c
x86_64-w64-mingw32-gcc -g -O2  -fno-strict-aliasing -pthread  -I/usr/include/libxml2 -I/buildsrc/mdsplus-alpha/include   -c -o MdsEvents.o MdsEvents.c
x86_64-w64-mingw32-gcc -g -O2  -fno-strict-aliasing -pthread  -I/usr/include/libxml2 -I/buildsrc/mdsplus-alpha/include   -c -o MdsGet1DxA.o MdsGet1DxA.c
x86_64-w64-mingw32-gcc -g -O2  -fno-strict-aliasing -pthread  -I/usr/include/libxml2 -I/buildsrc/mdsplus-alpha/include   -c -o MdsGet1DxS.o MdsGet1DxS.c
x86_64-w64-mingw32-gcc -g -O2  -fno-strict-aliasing -pthread  -I/usr/include/libxml2 -I/buildsrc/mdsplus-alpha/include   -c -o MdsGetSetShotId.o MdsGetSetShotId.c
x86_64-w64-mingw32-gcc -g -O2  -fno-strict-aliasing -pthread  -I/usr/include/libxml2 -I/buildsrc/mdsplus-alpha/include   -c -o MdsGetStdMsg.o MdsGetStdMsg.c
x86_64-w64-mingw32-gcc -g -O2  -fno-strict-aliasing -pthread  -I/usr/include/libxml2 -I/buildsrc/mdsplus-alpha/include   -c -o MdsPk.o MdsPk.c
x86_64-w64-mingw32-gcc -g -O2  -fno-strict-aliasing -pthread  -I/usr/include/libxml2 -I/buildsrc/mdsplus-alpha/include   -c -o MdsSerialize.o MdsSerialize.c
x86_64-w64-mingw32-gcc -g -O2  -fno-strict-aliasing -pthread  -I/usr/include/libxml2 -I/buildsrc/mdsplus-alpha/include   -c -o MdsShrThreadSafe.o MdsShrThreadSafe.c
x86_64-w64-mingw32-gcc -g -O2  -fno-strict-aliasing -pthread  -I/usr/include/libxml2 -I/buildsrc/mdsplus-alpha/include   -c -o MdsXdRoutines.o MdsXdRoutines.c
x86_64-w64-mingw32-gcc -g -O2  -fno-strict-aliasing -pthread  -I/usr/include/libxml2 -I/buildsrc/mdsplus-alpha/include   -c -o mds_dsc_string.o mds_dsc_string.c
x86_64-w64-mingw32-gcc -g -O2  -fno-strict-aliasing -pthread  -I/usr/include/libxml2 -I/buildsrc/mdsplus-alpha/include   -c -o MdsFloatToTime.o MdsFloatToTime.c
x86_64-w64-mingw32-gcc -g -O2  -fno-strict-aliasing -pthread  -I/usr/include/libxml2 -I/buildsrc/mdsplus-alpha/include   -c -o UdpEvents.o UdpEvents.c
UdpEvents.c: In function 'MDSUdpEvent':
UdpEvents.c:447:65: warning: passing argument 4 of 'setsockopt' from incompatible pointer type
     status = setsockopt(udpSocket, IPPROTO_IP, IP_MULTICAST_IF, interface_addr, sizeof(*interface_addr));
                                                                 ^
In file included from /usr/x86_64-w64-mingw32/sys-root/mingw/include/ws2tcpip.h:17:0,
                 from UdpEvents.c:3:
/usr/x86_64-w64-mingw32/sys-root/mingw/include/winsock2.h:999:34: note: expected 'const char *' but argument is of type 'struct in_addr *'
   WINSOCK_API_LINKAGE int WSAAPI setsockopt(SOCKET s,int level,int optname,const char *optval,int optlen);
                                  ^
x86_64-w64-mingw32-gcc -g -O2  -fno-strict-aliasing -pthread  -I/usr/include/libxml2 -I/buildsrc/mdsplus-alpha/include   -c -o UdpEventSettings.o UdpEventSettings.c
UdpEventSettings.c:2:25: fatal error: libxml/tree.h: No such file or directory
 #include <libxml/tree.h>
                         ^
compilation terminated.
<builtin>: recipe for target 'UdpEventSettings.o' failed
make[1]: *** [UdpEventSettings.o] Error 1
make[1]: Leaving directory '/buildsrc/mdsplus-alpha/mdsshr'
make: *** [mdsshr] Error 2
Makefile:67: recipe for target 'mdsshr' failed
make -C mdsshr install
make[1]: Entering directory '/buildsrc/mdsplus-alpha/mdsshr'
/usr/bin/mkdir -p /buildroot/usr/local/mdsplus/bin_x86_64
/usr/bin/install -c -m 755 /buildsrc/mdsplus-alpha/bin_x86_64/MdsShr.a /buildsrc/mdsplus-alpha/bin_x86_64/MdsShr.dll /buildsrc/mdsplus-alpha/bin_x86_64/MdsShr.dll.a /buildroot/usr/local/mdsplus/bin_x86_64
/usr/bin/install: cannot stat '/buildsrc/mdsplus-alpha/bin_x86_64/MdsShr.a': No such file or directory
/usr/bin/install: cannot stat '/buildsrc/mdsplus-alpha/bin_x86_64/MdsShr.dll': No such file or directory
/usr/bin/install: cannot stat '/buildsrc/mdsplus-alpha/bin_x86_64/MdsShr.dll.a': No such file or directory
make[1]: *** [install] Error 1
Makefile:47: recipe for target 'install' failed
make[1]: Leaving directory '/buildsrc/mdsplus-alpha/mdsshr'
make: *** [install_mdsshr] Error 2
Makefile:103: recipe for target 'install_mdsshr' failed
checking build system type... x86_64-unknown-linux-gnu
checking host system type... i686-w64-mingw32
checking target system type... i686-w64-mingw32
checking for a BSD-compatible install... /usr/bin/install -c
checking whether build environment is sane... yes
/buildsrc/mdsplus-alpha/conf/missing: Unknown `--is-lightweight' option
Try `/buildsrc/mdsplus-alpha/conf/missing --help' for more information
configure: WARNING: 'missing' script is too old or missing
checking for i686-w64-mingw32-strip... i686-w64-mingw32-strip
checking for a thread-safe mkdir -p... /usr/bin/mkdir -p
checking for gawk... gawk
checking whether make sets $(MAKE)... yes
checking whether make supports nested variables... yes
checking whether to enable maintainer-specific portions of Makefiles... no
checking for style of include used by make... GNU
checking for i686-w64-mingw32-gcc... i686-w64-mingw32-gcc
checking whether the C compiler works... yes
checking for C compiler default output file name... a.exe
checking for suffix of executables... .exe
checking whether we are cross compiling... yes
checking for suffix of object files... o
checking whether we are using the GNU C compiler... yes
checking whether i686-w64-mingw32-gcc accepts -g... yes
checking for i686-w64-mingw32-gcc option to accept ISO C89... none needed
checking whether i686-w64-mingw32-gcc understands -c and -o together... yes
checking dependency style of i686-w64-mingw32-gcc... gcc3
checking how to run the C preprocessor... i686-w64-mingw32-gcc -E
checking for grep that handles long lines and -e... /usr/bin/grep
checking for egrep... /usr/bin/grep -E
checking for ANSI C header files... yes
checking for sys/types.h... yes
checking for sys/stat.h... yes
checking for stdlib.h... yes
checking for string.h... yes
checking for memory.h... yes
checking for strings.h... yes
checking for inttypes.h... yes
checking for stdint.h... yes
checking for unistd.h... yes
checking size of int *... 4
checking for socket in -lsocket... no
checking for inet_addr in -lnsl... no
checking for i686-w64-mingw32-gcc... (cached) i686-w64-mingw32-gcc
checking whether we are using the GNU C compiler... (cached) yes
checking whether i686-w64-mingw32-gcc accepts -g... (cached) yes
checking for i686-w64-mingw32-gcc option to accept ISO C89... (cached) none needed
checking whether i686-w64-mingw32-gcc understands -c and -o together... (cached) yes
checking dependency style of i686-w64-mingw32-gcc... (cached) gcc3
checking for i686-w64-mingw32-g++... i686-w64-mingw32-g++
checking whether we are using the GNU C++ compiler... yes
checking whether i686-w64-mingw32-g++ accepts -g... yes
checking dependency style of i686-w64-mingw32-g++... gcc3
checking for i686-w64-mingw32-gfortran... i686-w64-mingw32-gfortran
checking whether we are using the GNU Fortran 77 compiler... yes
checking whether i686-w64-mingw32-gfortran accepts -g... yes
checking whether to build shared libraries... yes
checking whether the linker supports -rpath-link... yes
checking whether to enable statistics... no
checking whether to build the java components... checking for i686-w64-mingw32-pkg-config... /usr/bin/i686-w64-mingw32-pkg-config
checking pkg-config is at least version 0.9.0... yes
checking for CHECK... no
checking for presence of Java Development Kit... /etc/alternatives/java_sdk_openjdk
checking for javac... /etc/alternatives/java_sdk_openjdk/bin/javac
checking for jar... /etc/alternatives/java_sdk_openjdk/bin/jar
checking for rmic... /etc/alternatives/java_sdk_openjdk/bin/rmic
checking for an srb installation... no
checking for labview... /3rd-party-apis-master/labview
checking whether to enable profiled code... no
checking for idl... /3rd-party-apis-master/idl
checking for mingw... yes
checking for i686-w64-mingw32-g77... (cached) i686-w64-mingw32-gfortran
checking whether we are using the GNU Fortran 77 compiler... (cached) yes
checking whether i686-w64-mingw32-gfortran accepts -g... (cached) yes
checking for dc1394_new  in -ldc1394... no
checking for dc1394_get_camera_info  in -ldc1394... no
checking for raw1394_get_libversion  in -lraw1394... no
checking size of long... 4
checking size of long long... 8
checking size of _int64... 0
checking for i686-w64-mingw32-ranlib... i686-w64-mingw32-ranlib
checking for a sed that does not truncate output... /usr/bin/sed
checking if JNI libraries are different... no
checking if IDL plugins are different... no
checking for pow in -lm... yes
checking for __dn_skipname in -lresolv... no
checking for dlopen in -ldl... yes
checking for gethostbyname in -lc... no
checking for gethostbyname in -lsocket... no
checking for gethostbyname in -lnsl... no
checking for socket in -lc... no
checking for socket in -lsocket... (cached) no
checking for getgrgid in -lc... no
checking for getpwuid in -lc... no
checking for gethostbyname in -ldnet_stub... no
checking for library containing clock_gettime... none required
checking for library containing readline... -lreadline
checking for library containing rl_set_signals... -lreadline
checking for gettimeofday in -lc... no
checking for getaddrinfo in -lc... no
checking for strsep in -lc... no
checking for getrusage in -lc... no
checking for xml2-config... no
checking for libxml - version >= 2.0.0... no
*** The xml2-config script installed by LIBXML could not be found
*** If libxml was installed in PREFIX, make sure PREFIX/bin is in
*** your path, or set the XML2_CONFIG environment variable to the
*** full path to xml2-config.
configure: libxml not found using xml2-confg, reverting to pkg-config query
checking for XML... yes
checking libxml/tree.h usability... yes
checking libxml/tree.h presence... yes
checking for libxml/tree.h... yes
checking libxml/parser.h usability... yes
checking libxml/parser.h presence... yes
checking for libxml/parser.h... yes
checking libxml/xpath.h usability... yes
checking libxml/xpath.h presence... yes
checking for libxml/xpath.h... yes
checking libxml/xpathInternals.h usability... yes
checking libxml/xpathInternals.h presence... yes
checking for libxml/xpathInternals.h... yes
checking stdarg.h usability... yes
checking stdarg.h presence... yes
checking for stdarg.h... yes
checking fcntl.h usability... yes
checking fcntl.h presence... yes
checking for fcntl.h... yes
checking for strings.h... (cached) yes
checking sys/ioctl.h usability... no
checking sys/ioctl.h presence... no
checking for sys/ioctl.h... no
checking syslog.h usability... no
checking syslog.h presence... no
checking for syslog.h... no
checking for unistd.h... (cached) yes
checking sys/filio.h usability... no
checking sys/filio.h presence... no
checking for sys/filio.h... no
checking netdb.h usability... no
checking netdb.h presence... no
checking for netdb.h... no
checking resolv.h usability... no
checking resolv.h presence... no
checking for resolv.h... no
checking for sys/types.h... (cached) yes
checking linux/types.h usability... no
checking linux/types.h presence... no
checking for linux/types.h... no
checking drm/drm.h usability... no
checking drm/drm.h presence... no
checking for drm/drm.h... no
checking pwd.h usability... no
checking pwd.h presence... no
checking for pwd.h... no
checking grp.h usability... no
checking grp.h presence... no
checking for grp.h... no
checking dlfcn.h usability... yes
checking dlfcn.h presence... yes
checking for dlfcn.h... yes
checking dl.h usability... no
checking dl.h presence... no
checking for dl.h... no
checking vxWorks.h usability... no
checking vxWorks.h presence... no
checking for vxWorks.h... no
checking windows.h usability... yes
checking windows.h presence... yes
checking for windows.h... yes
checking sys/resource.h usability... no
checking sys/resource.h presence... no
checking for sys/resource.h... no
checking malloc.h usability... yes
checking malloc.h presence... yes
checking for malloc.h... yes
checking pthread.h usability... yes
checking pthread.h presence... yes
checking for pthread.h... yes
checking alloca.h usability... no
checking alloca.h presence... no
checking for alloca.h... no
checking readline/readline.h usability... yes
checking readline/readline.h presence... yes
checking for readline/readline.h... yes
checking readline/history.h usability... yes
checking readline/history.h presence... yes
checking for readline/history.h... yes
checking scsi/sg.h usability... no
checking scsi/sg.h presence... no
checking for scsi/sg.h... no
checking for stdint.h... (cached) yes
checking hdf5.h usability... no
checking hdf5.h presence... no
checking for hdf5.h... no
checking jni.h usability... yes
checking jni.h presence... yes
checking for jni.h... yes
checking jni_md.h usability... yes
checking jni_md.h presence... yes
checking for jni_md.h... yes
checking for an ANSI C-conforming const... yes
checking whether time.h and sys/time.h may both be included... yes
checking whether struct tm is in sys/time.h or time.h... time.h
checking return type of signal handlers... void
checking for size_t... yes
checking if we should use named semaphores...  yes
checking sys/msg.h usability... no
checking sys/msg.h presence... no
checking for sys/msg.h... no
checking for sys/stat.h... (cached) yes
checking if we should use pipes for messaging... yes
checking for tm_gmtoff in struct tm... no
checking for semun union declaration... no
checking whether we need to type shmat... no
checking for two byte fd in *FILE... no
checking whether i686-w64-mingw32-gcc needs -traditional... no
checking for ANSI C header files... (cached) yes
checking for gethostname... no
checking for gettimeofday... yes
checking for select... no
checking for socket... no
checking for nis_local_host... no
checking for malloc... yes
checking for sched_setscheduler... yes
using Windows mssql
checking if mdssql should be built... have sql so yes.
checking whether byte ordering is bigendian... no
checking for X... no
checking for uil... uil
checking for uil command... no uil so skipping openmotif apps.openmotif-devel not installed.
checking for doxygen... no
configure: WARNING: Doxygen not found - continuing without Doxygen support
checking for i686-w64-mingw32-doxygen... no
checking for doxygen... no
configure: WARNING: doxygen not found - will not generate any doxygen documentation
checking for i686-w64-mingw32-perl... no
checking for perl... no
checking for XextAddDisplay in -lXext... no
checking for XpGetDocumentData in -lXp... no
checking that generated files are newer than configure... done
configure: creating ./config.status
config.status: creating Makefile.inc
config.status: creating Makefile
config.status: creating docs/Makefile
config.status: creating envsyms
config.status: creating actions/Makefile
config.status: creating camshr/Makefile
config.status: creating ccl/Makefile
config.status: creating d3dshr/Makefile
config.status: creating dwscope/Makefile
config.status: creating hdf5/Makefile
config.status: creating idlmdsevent/Makefile
config.status: creating idlmdswidgets/Makefile
config.status: creating javaclient/Makefile
config.status: creating javadispatcher/Makefile
config.status: creating javamds/Makefile
config.status: creating javascope/Makefile
config.status: creating javatraverser/Makefile
config.status: creating javadevices/Makefile
config.status: creating LabView/Makefile
config.status: creating manpages/Makefile
config.status: creating macosx/Makefile
config.status: creating math/Makefile
config.status: creating mdsdcl/Makefile
config.status: creating mdslib/Makefile
config.status: creating mdslibidl/Makefile
config.status: creating mdsobjects/cpp/Makefile
config.status: creating mdsobjects/cpp/docs/Makefile
config.status: creating mdsobjects/cpp/testing/Makefile
config.status: creating mdsobjects/cpp/testing/testutils/Makefile
config.status: creating mdsobjects/java/Makefile
config.status: creating mdsobjects/labview/Makefile
config.status: creating mdsmisc/Makefile
config.status: creating mdsshr/Makefile
config.status: creating mdssql/Makefile
config.status: creating mdstcpip/Makefile
config.status: creating mdstcpip/zlib/Makefile
config.status: creating mdstcpip/docs/Makefile
config.status: creating mdstcpip/docs/img/Makefile
config.status: creating mdsvme/Makefile
config.status: creating mitdevices/Makefile
config.status: creating remcam/Makefile
config.status: creating roam/Makefile
config.status: creating rpm/Makefile
config.status: creating rpm/envsyms
config.status: creating rpm/post_install_script
config.status: creating scripts/Makefile
config.status: creating servershr/Makefile
config.status: creating setevent/Makefile
config.status: creating tcl/Makefile
config.status: creating tdishr/Makefile
config.status: creating tdic/Makefile
config.status: creating tditest/Makefile
config.status: creating traverser/Makefile
config.status: creating treeshr/Makefile
config.status: creating wfevent/Makefile
config.status: creating xmdsshr/Makefile
config.status: creating xtreeshr/Makefile
config.status: creating icons/Makefile
config.status: creating include/config.h
config.status: include/config.h is unchanged
config.status: executing depfiles commands
/usr/bin/mkdir -p /buildsrc/mdsplus-alpha/bin_x86/
make -C mdsshr
make[1]: Entering directory '/buildsrc/mdsplus-alpha/mdsshr'
i686-w64-mingw32-gcc -g -O2  -fno-strict-aliasing -pthread  -I/usr/include/libxml2 -I/buildsrc/mdsplus-alpha/include   -c -o librtl.o librtl.c
i686-w64-mingw32-gcc -g -O2  -fno-strict-aliasing -pthread  -I/usr/include/libxml2 -I/buildsrc/mdsplus-alpha/include   -c -o mdsmsg.o mdsmsg.c
i686-w64-mingw32-gcc -g -O2  -fno-strict-aliasing -pthread  -I/usr/include/libxml2 -I/buildsrc/mdsplus-alpha/include   -c -o MDSprintf.o MDSprintf.c
i686-w64-mingw32-gcc -g -O2  -fno-strict-aliasing -pthread  -I/usr/include/libxml2 -I/buildsrc/mdsplus-alpha/include   -c -o MdsCmprs.o MdsCmprs.c
i686-w64-mingw32-gcc -g -O2  -fno-strict-aliasing -pthread  -I/usr/include/libxml2 -I/buildsrc/mdsplus-alpha/include   -c -o MdsCompareXd.o MdsCompareXd.c
i686-w64-mingw32-gcc -g -O2  -fno-strict-aliasing -pthread  -I/usr/include/libxml2 -I/buildsrc/mdsplus-alpha/include   -c -o MdsCompress.o MdsCompress.c
i686-w64-mingw32-gcc -g -O2  -fno-strict-aliasing -pthread  -I/usr/include/libxml2 -I/buildsrc/mdsplus-alpha/include   -c -o MdsEvents.o MdsEvents.c
i686-w64-mingw32-gcc -g -O2  -fno-strict-aliasing -pthread  -I/usr/include/libxml2 -I/buildsrc/mdsplus-alpha/include   -c -o MdsGet1DxA.o MdsGet1DxA.c
i686-w64-mingw32-gcc -g -O2  -fno-strict-aliasing -pthread  -I/usr/include/libxml2 -I/buildsrc/mdsplus-alpha/include   -c -o MdsGet1DxS.o MdsGet1DxS.c
i686-w64-mingw32-gcc -g -O2  -fno-strict-aliasing -pthread  -I/usr/include/libxml2 -I/buildsrc/mdsplus-alpha/include   -c -o MdsGetSetShotId.o MdsGetSetShotId.c
i686-w64-mingw32-gcc -g -O2  -fno-strict-aliasing -pthread  -I/usr/include/libxml2 -I/buildsrc/mdsplus-alpha/include   -c -o MdsGetStdMsg.o MdsGetStdMsg.c
i686-w64-mingw32-gcc -g -O2  -fno-strict-aliasing -pthread  -I/usr/include/libxml2 -I/buildsrc/mdsplus-alpha/include   -c -o MdsPk.o MdsPk.c
i686-w64-mingw32-gcc -g -O2  -fno-strict-aliasing -pthread  -I/usr/include/libxml2 -I/buildsrc/mdsplus-alpha/include   -c -o MdsSerialize.o MdsSerialize.c
i686-w64-mingw32-gcc -g -O2  -fno-strict-aliasing -pthread  -I/usr/include/libxml2 -I/buildsrc/mdsplus-alpha/include   -c -o MdsShrThreadSafe.o MdsShrThreadSafe.c
i686-w64-mingw32-gcc -g -O2  -fno-strict-aliasing -pthread  -I/usr/include/libxml2 -I/buildsrc/mdsplus-alpha/include   -c -o MdsXdRoutines.o MdsXdRoutines.c
i686-w64-mingw32-gcc -g -O2  -fno-strict-aliasing -pthread  -I/usr/include/libxml2 -I/buildsrc/mdsplus-alpha/include   -c -o mds_dsc_string.o mds_dsc_string.c
i686-w64-mingw32-gcc -g -O2  -fno-strict-aliasing -pthread  -I/usr/include/libxml2 -I/buildsrc/mdsplus-alpha/include   -c -o MdsFloatToTime.o MdsFloatToTime.c
i686-w64-mingw32-gcc -g -O2  -fno-strict-aliasing -pthread  -I/usr/include/libxml2 -I/buildsrc/mdsplus-alpha/include   -c -o UdpEvents.o UdpEvents.c
UdpEvents.c: In function 'MDSUdpEvent':
UdpEvents.c:447:65: warning: passing argument 4 of 'setsockopt' from incompatible pointer type
     status = setsockopt(udpSocket, IPPROTO_IP, IP_MULTICAST_IF, interface_addr, sizeof(*interface_addr));
                                                                 ^
In file included from /usr/i686-w64-mingw32/sys-root/mingw/include/ws2tcpip.h:17:0,
                 from UdpEvents.c:3:
/usr/i686-w64-mingw32/sys-root/mingw/include/winsock2.h:999:34: note: expected 'const char *' but argument is of type 'struct in_addr *'
   WINSOCK_API_LINKAGE int WSAAPI setsockopt(SOCKET s,int level,int optname,const char *optval,int optlen);
                                  ^
i686-w64-mingw32-gcc -g -O2  -fno-strict-aliasing -pthread  -I/usr/include/libxml2 -I/buildsrc/mdsplus-alpha/include   -c -o UdpEventSettings.o UdpEventSettings.c
UdpEventSettings.c:2:25: fatal error: libxml/tree.h: No such file or directory
 #include <libxml/tree.h>
                         ^
compilation terminated.
<builtin>: recipe for target 'UdpEventSettings.o' failed
make[1]: *** [UdpEventSettings.o] Error 1
make[1]: Leaving directory '/buildsrc/mdsplus-alpha/mdsshr'
make: *** [mdsshr] Error 2
Makefile:67: recipe for target 'mdsshr' failed
make -C mdsshr install
make[1]: Entering directory '/buildsrc/mdsplus-alpha/mdsshr'
/usr/bin/install -c -m 755 /buildsrc/mdsplus-alpha/bin_x86/MdsShr.a /buildsrc/mdsplus-alpha/bin_x86/MdsShr.dll /buildsrc/mdsplus-alpha/bin_x86/MdsShr.dll.a /buildroot/usr/local/mdsplus/bin_x86
/usr/bin/install: cannot stat '/buildsrc/mdsplus-alpha/bin_x86/MdsShr.a': No such file or directory
/usr/bin/install: cannot stat '/buildsrc/mdsplus-alpha/bin_x86/MdsShr.dll': No such file or directory
/usr/bin/install: cannot stat '/buildsrc/mdsplus-alpha/bin_x86/MdsShr.dll.a': No such file or directory
make[1]: *** [install] Error 1
Makefile:47: recipe for target 'install' failed
make[1]: Leaving directory '/buildsrc/mdsplus-alpha/mdsshr'
Makefile:103: recipe for target 'install_mdsshr' failed
make: *** [install_mdsshr] Error 2
